<?xml version="1.0" encoding="UTF-8"?>
<!-- Generated by org.testng.reporters.JUnitXMLReporter -->
<testsuite ignored="0" hostname="qa-pc58" failures="1" tests="11" name="Surefire test" time="176.08" errors="0" timestamp="20 Sep 2023 02:21:11 GMT">
  <testcase classname="practise.tests.ErrorValidationsTest" name="loginErrorValidation" time="0.993">
    <skipped/>
  </testcase> <!-- loginErrorValidation -->
  <testcase classname="practise.tests.ErrorValidationsTest" name="loginErrorValidation" time="2.081">
    <failure type="java.lang.AssertionError" message="expected [Incorrect email or password.] but found [Incorrect email password.]">
      <![CDATA[java.lang.AssertionError: expected [Incorrect email or password.] but found [Incorrect email password.]
at practise.tests.ErrorValidationsTest.loginErrorValidation(ErrorValidationsTest.java:22)
... Removed 36 stack frames]]>
    </failure>
  </testcase> <!-- loginErrorValidation -->
  <testcase classname="practise.tests.ErrorValidationsTest" name="productErrorValidation" time="14.23"/>
  <testcase classname="practise.tests.SODataProviderHashMapTest" name="submitOrder" time="26.938"/>
  <testcase classname="practise.tests.SODataProviderHashMapTest" name="submitOrder" time="10.531"/>
  <testcase classname="practise.tests.SubmitOrderDataProviderTest" name="submitOrder" time="10.978"/>
  <testcase classname="practise.tests.SubmitOrderDataProviderTest" name="submitOrder" time="10.806"/>
  <testcase classname="practise.tests.SubmitOrderTest" name="submitOrder" time="4.459"/>
  <testcase classname="practise.tests.SODataProviderJsonFileTest" name="submitOrder" time="11.006"/>
  <testcase classname="practise.tests.SODataProviderJsonFileTest" name="submitOrder" time="11.194"/>
  <testcase classname="practise.tests.SubmitOrderTest" name="OrderHistoryTest" time="1.164"/>
</testsuite> <!-- Surefire test -->
