<?xml version="1.0" encoding="UTF-8"?>
<testng-results ignored="0" total="11" passed="9" failed="1" skipped="1">
  <reporter-output>
  </reporter-output>
  <suite started-at="2023-09-20T02:18:15Z" name="Surefire suite" finished-at="2023-09-20T02:21:11Z" duration-ms="176080">
    <groups>
      <group name="ErrorHandling">
        <method signature="ErrorValidationsTest.loginErrorValidation()[pri:0, instance:practise.tests.ErrorValidationsTest@6b2ea799]" name="loginErrorValidation" class="practise.tests.ErrorValidationsTest"/>
      </group> <!-- ErrorHandling -->
      <group name="Purchase">
        <method signature="SODataProviderHashMapTest.submitOrder(java.util.HashMap)[pri:0, instance:practise.tests.SODataProviderHashMapTest@411f53a0]" name="submitOrder" class="practise.tests.SODataProviderHashMapTest"/>
        <method signature="SODataProviderJsonFileTest.submitOrder(java.util.HashMap)[pri:0, instance:practise.tests.SODataProviderJsonFileTest@2b71e916]" name="submitOrder" class="practise.tests.SODataProviderJsonFileTest"/>
        <method signature="SubmitOrderDataProviderTest.submitOrder(java.lang.String, java.lang.String, java.lang.String)[pri:0, instance:practise.tests.SubmitOrderDataProviderTest@36fc695d]" name="submitOrder" class="practise.tests.SubmitOrderDataProviderTest"/>
      </group> <!-- Purchase -->
    </groups>
    <test started-at="2023-09-20T02:18:15Z" name="Surefire test" finished-at="2023-09-20T02:21:11Z" duration-ms="176080">
      <class name="practise.tests.SODataProviderHashMapTest">
        <test-method is-config="true" signature="launchApplication()[pri:0, instance:practise.tests.SODataProviderHashMapTest@411f53a0]" started-at="2023-09-20T02:18:58Z" name="launchApplication" finished-at="2023-09-20T02:19:07Z" duration-ms="9012" status="PASS">
          <reporter-output>
          </reporter-output>
        </test-method> <!-- launchApplication -->
        <test-method signature="submitOrder(java.util.HashMap)[pri:0, instance:practise.tests.SODataProviderHashMapTest@411f53a0]" started-at="2023-09-20T02:19:07Z" name="submitOrder" data-provider="getData" finished-at="2023-09-20T02:19:34Z" duration-ms="26938" status="PASS">
          <params>
            <param index="0">
              <value>
                <![CDATA[{password=Test@123, email=jitendra@gmail.com, productName=ADIDAS ORIGINAL}]]>
              </value>
            </param>
          </params>
          <reporter-output>
          </reporter-output>
        </test-method> <!-- submitOrder -->
        <test-method is-config="true" signature="launchApplication()[pri:0, instance:practise.tests.SODataProviderHashMapTest@411f53a0]" started-at="2023-09-20T02:19:34Z" name="launchApplication" finished-at="2023-09-20T02:19:41Z" duration-ms="7016" status="PASS">
          <reporter-output>
          </reporter-output>
        </test-method> <!-- launchApplication -->
        <test-method signature="submitOrder(java.util.HashMap)[pri:0, instance:practise.tests.SODataProviderHashMapTest@411f53a0]" started-at="2023-09-20T02:19:41Z" name="submitOrder" data-provider="getData" finished-at="2023-09-20T02:19:51Z" duration-ms="10531" status="PASS">
          <params>
            <param index="0">
              <value>
                <![CDATA[{password=Test@123, email=jitendra+1@gmail.com, productName=ZARA COAT 3}]]>
              </value>
            </param>
          </params>
          <reporter-output>
          </reporter-output>
        </test-method> <!-- submitOrder -->
      </class> <!-- practise.tests.SODataProviderHashMapTest -->
      <class name="practise.tests.SODataProviderJsonFileTest">
        <test-method is-config="true" signature="launchApplication()[pri:0, instance:practise.tests.SODataProviderJsonFileTest@2b71e916]" started-at="2023-09-20T02:20:35Z" name="launchApplication" finished-at="2023-09-20T02:20:40Z" duration-ms="5244" status="PASS">
          <reporter-output>
          </reporter-output>
        </test-method> <!-- launchApplication -->
        <test-method signature="submitOrder(java.util.HashMap)[pri:0, instance:practise.tests.SODataProviderJsonFileTest@2b71e916]" started-at="2023-09-20T02:20:40Z" name="submitOrder" data-provider="getData" finished-at="2023-09-20T02:20:51Z" duration-ms="11006" status="PASS">
          <params>
            <param index="0">
              <value>
                <![CDATA[{password=Test@123, email=jitendra@gmail.com, productName=ADIDAS ORIGINAL}]]>
              </value>
            </param>
          </params>
          <reporter-output>
          </reporter-output>
        </test-method> <!-- submitOrder -->
        <test-method is-config="true" signature="launchApplication()[pri:0, instance:practise.tests.SODataProviderJsonFileTest@2b71e916]" started-at="2023-09-20T02:20:51Z" name="launchApplication" finished-at="2023-09-20T02:20:55Z" duration-ms="3567" status="PASS">
          <reporter-output>
          </reporter-output>
        </test-method> <!-- launchApplication -->
        <test-method signature="submitOrder(java.util.HashMap)[pri:0, instance:practise.tests.SODataProviderJsonFileTest@2b71e916]" started-at="2023-09-20T02:20:55Z" name="submitOrder" data-provider="getData" finished-at="2023-09-20T02:21:06Z" duration-ms="11194" status="PASS">
          <params>
            <param index="0">
              <value>
                <![CDATA[{password=Test@123, email=jitendra+1@gmail.com, productName=ZARA COAT 3}]]>
              </value>
            </param>
          </params>
          <reporter-output>
          </reporter-output>
        </test-method> <!-- submitOrder -->
      </class> <!-- practise.tests.SODataProviderJsonFileTest -->
      <class name="practise.tests.SubmitOrderTest">
        <test-method is-config="true" signature="launchApplication()[pri:0, instance:practise.tests.SubmitOrderTest@28701274]" started-at="2023-09-20T02:20:26Z" name="launchApplication" finished-at="2023-09-20T02:20:30Z" duration-ms="4380" status="PASS">
          <reporter-output>
          </reporter-output>
        </test-method> <!-- launchApplication -->
        <test-method signature="submitOrder()[pri:0, instance:practise.tests.SubmitOrderTest@28701274]" started-at="2023-09-20T02:20:30Z" name="submitOrder" finished-at="2023-09-20T02:20:34Z" duration-ms="4459" status="PASS">
          <reporter-output>
          </reporter-output>
        </test-method> <!-- submitOrder -->
        <test-method is-config="true" signature="launchApplication()[pri:0, instance:practise.tests.SubmitOrderTest@28701274]" started-at="2023-09-20T02:21:06Z" name="launchApplication" finished-at="2023-09-20T02:21:10Z" duration-ms="3981" status="PASS">
          <reporter-output>
          </reporter-output>
        </test-method> <!-- launchApplication -->
        <test-method signature="OrderHistoryTest()[pri:0, instance:practise.tests.SubmitOrderTest@28701274]" started-at="2023-09-20T02:21:10Z" name="OrderHistoryTest" finished-at="2023-09-20T02:21:11Z" depends-on-methods="practise.tests.SubmitOrderTest.submitOrder" duration-ms="1164" status="PASS">
          <reporter-output>
          </reporter-output>
        </test-method> <!-- OrderHistoryTest -->
      </class> <!-- practise.tests.SubmitOrderTest -->
      <class name="practise.tests.SubmitOrderDataProviderTest">
        <test-method is-config="true" signature="launchApplication()[pri:0, instance:practise.tests.SubmitOrderDataProviderTest@36fc695d]" started-at="2023-09-20T02:19:51Z" name="launchApplication" finished-at="2023-09-20T02:19:57Z" duration-ms="5667" status="PASS">
          <reporter-output>
          </reporter-output>
        </test-method> <!-- launchApplication -->
        <test-method signature="submitOrder(java.lang.String, java.lang.String, java.lang.String)[pri:0, instance:practise.tests.SubmitOrderDataProviderTest@36fc695d]" started-at="2023-09-20T02:19:57Z" name="submitOrder" data-provider="getData" finished-at="2023-09-20T02:20:08Z" duration-ms="10978" status="PASS">
          <params>
            <param index="0">
              <value>
                <![CDATA[jitendra@gmail.com]]>
              </value>
            </param>
            <param index="1">
              <value>
                <![CDATA[Test@123]]>
              </value>
            </param>
            <param index="2">
              <value>
                <![CDATA[ADIDAS ORIGINAL]]>
              </value>
            </param>
          </params>
          <reporter-output>
          </reporter-output>
        </test-method> <!-- submitOrder -->
        <test-method is-config="true" signature="launchApplication()[pri:0, instance:practise.tests.SubmitOrderDataProviderTest@36fc695d]" started-at="2023-09-20T02:20:08Z" name="launchApplication" finished-at="2023-09-20T02:20:15Z" duration-ms="6768" status="PASS">
          <reporter-output>
          </reporter-output>
        </test-method> <!-- launchApplication -->
        <test-method signature="submitOrder(java.lang.String, java.lang.String, java.lang.String)[pri:0, instance:practise.tests.SubmitOrderDataProviderTest@36fc695d]" started-at="2023-09-20T02:20:15Z" name="submitOrder" data-provider="getData" finished-at="2023-09-20T02:20:26Z" duration-ms="10806" status="PASS">
          <params>
            <param index="0">
              <value>
                <![CDATA[jitendra+1@gmail.com]]>
              </value>
            </param>
            <param index="1">
              <value>
                <![CDATA[Test@123]]>
              </value>
            </param>
            <param index="2">
              <value>
                <![CDATA[ZARA COAT 3]]>
              </value>
            </param>
          </params>
          <reporter-output>
          </reporter-output>
        </test-method> <!-- submitOrder -->
      </class> <!-- practise.tests.SubmitOrderDataProviderTest -->
      <class name="practise.tests.ErrorValidationsTest">
        <test-method is-config="true" signature="launchApplication()[pri:0, instance:practise.tests.ErrorValidationsTest@6b2ea799]" started-at="2023-09-20T02:18:15Z" name="launchApplication" finished-at="2023-09-20T02:18:22Z" duration-ms="6760" status="PASS">
          <reporter-output>
          </reporter-output>
        </test-method> <!-- launchApplication -->
        <test-method signature="loginErrorValidation()[pri:0, instance:practise.tests.ErrorValidationsTest@6b2ea799]" started-at="2023-09-20T02:18:22Z" name="loginErrorValidation" finished-at="2023-09-20T02:18:23Z" duration-ms="993" status="SKIP">
          <exception class="java.lang.AssertionError">
            <message>
              <![CDATA[expected [Incorrect email or password.] but found [Incorrect email password.]]]>
            </message>
            <full-stacktrace>
              <![CDATA[java.lang.AssertionError: expected [Incorrect email or password.] but found [Incorrect email password.]
at org.testng.Assert.fail(Assert.java:96)
at org.testng.Assert.failNotEquals(Assert.java:776)
at org.testng.Assert.assertEqualsImpl(Assert.java:137)
at org.testng.Assert.assertEquals(Assert.java:118)
at org.testng.Assert.assertEquals(Assert.java:453)
at org.testng.Assert.assertEquals(Assert.java:463)
at practise.tests.ErrorValidationsTest.loginErrorValidation(ErrorValidationsTest.java:22)
at java.base/jdk.internal.reflect.NativeMethodAccessorImpl.invoke0(Native Method)
at java.base/jdk.internal.reflect.NativeMethodAccessorImpl.invoke(NativeMethodAccessorImpl.java:62)
at java.base/jdk.internal.reflect.DelegatingMethodAccessorImpl.invoke(DelegatingMethodAccessorImpl.java:43)
at java.base/java.lang.reflect.Method.invoke(Method.java:566)
at org.testng.internal.MethodInvocationHelper.invokeMethod(MethodInvocationHelper.java:124)
at org.testng.internal.Invoker.invokeMethod(Invoker.java:583)
at org.testng.internal.Invoker.invokeTestMethod(Invoker.java:719)
at org.testng.internal.Invoker.invokeTestMethods(Invoker.java:989)
at org.testng.internal.TestMethodWorker.invokeTestMethods(TestMethodWorker.java:125)
at org.testng.internal.TestMethodWorker.run(TestMethodWorker.java:109)
at org.testng.TestRunner.privateRun(TestRunner.java:648)
at org.testng.TestRunner.run(TestRunner.java:505)
at org.testng.SuiteRunner.runTest(SuiteRunner.java:455)
at org.testng.SuiteRunner.runSequentially(SuiteRunner.java:450)
at org.testng.SuiteRunner.privateRun(SuiteRunner.java:415)
at org.testng.SuiteRunner.run(SuiteRunner.java:364)
at org.testng.SuiteRunnerWorker.runSuite(SuiteRunnerWorker.java:52)
at org.testng.SuiteRunnerWorker.run(SuiteRunnerWorker.java:84)
at org.testng.TestNG.runSuitesSequentially(TestNG.java:1208)
at org.testng.TestNG.runSuitesLocally(TestNG.java:1137)
at org.testng.TestNG.runSuites(TestNG.java:1049)
at org.testng.TestNG.run(TestNG.java:1017)
at org.apache.maven.surefire.testng.TestNGExecutor.run(TestNGExecutor.java:135)
at org.apache.maven.surefire.testng.TestNGDirectoryTestSuite.executeMulti(TestNGDirectoryTestSuite.java:193)
at org.apache.maven.surefire.testng.TestNGDirectoryTestSuite.execute(TestNGDirectoryTestSuite.java:94)
at org.apache.maven.surefire.testng.TestNGProvider.invoke(TestNGProvider.java:146)
at org.apache.maven.surefire.booter.ForkedBooter.invokeProviderInSameClassLoader(ForkedBooter.java:384)
at org.apache.maven.surefire.booter.ForkedBooter.runSuitesInProcess(ForkedBooter.java:345)
at org.apache.maven.surefire.booter.ForkedBooter.execute(ForkedBooter.java:126)
at org.apache.maven.surefire.booter.ForkedBooter.main(ForkedBooter.java:418)
]]>
            </full-stacktrace>
          </exception> <!-- java.lang.AssertionError -->
          <reporter-output>
          </reporter-output>
        </test-method> <!-- loginErrorValidation -->
        <test-method is-config="true" signature="launchApplication()[pri:0, instance:practise.tests.ErrorValidationsTest@6b2ea799]" started-at="2023-09-20T02:18:23Z" name="launchApplication" finished-at="2023-09-20T02:18:30Z" duration-ms="7284" status="PASS">
          <reporter-output>
          </reporter-output>
        </test-method> <!-- launchApplication -->
        <test-method signature="loginErrorValidation()[pri:0, instance:practise.tests.ErrorValidationsTest@6b2ea799]" started-at="2023-09-20T02:18:30Z" name="loginErrorValidation" finished-at="2023-09-20T02:18:32Z" duration-ms="2081" status="FAIL">
          <exception class="java.lang.AssertionError">
            <message>
              <![CDATA[expected [Incorrect email or password.] but found [Incorrect email password.]]]>
            </message>
            <full-stacktrace>
              <![CDATA[java.lang.AssertionError: expected [Incorrect email or password.] but found [Incorrect email password.]
at org.testng.Assert.fail(Assert.java:96)
at org.testng.Assert.failNotEquals(Assert.java:776)
at org.testng.Assert.assertEqualsImpl(Assert.java:137)
at org.testng.Assert.assertEquals(Assert.java:118)
at org.testng.Assert.assertEquals(Assert.java:453)
at org.testng.Assert.assertEquals(Assert.java:463)
at practise.tests.ErrorValidationsTest.loginErrorValidation(ErrorValidationsTest.java:22)
at java.base/jdk.internal.reflect.NativeMethodAccessorImpl.invoke0(Native Method)
at java.base/jdk.internal.reflect.NativeMethodAccessorImpl.invoke(NativeMethodAccessorImpl.java:62)
at java.base/jdk.internal.reflect.DelegatingMethodAccessorImpl.invoke(DelegatingMethodAccessorImpl.java:43)
at java.base/java.lang.reflect.Method.invoke(Method.java:566)
at org.testng.internal.MethodInvocationHelper.invokeMethod(MethodInvocationHelper.java:124)
at org.testng.internal.Invoker.invokeMethod(Invoker.java:583)
at org.testng.internal.Invoker.retryFailed(Invoker.java:839)
at org.testng.internal.Invoker.invokeTestMethods(Invoker.java:1010)
at org.testng.internal.TestMethodWorker.invokeTestMethods(TestMethodWorker.java:125)
at org.testng.internal.TestMethodWorker.run(TestMethodWorker.java:109)
at org.testng.TestRunner.privateRun(TestRunner.java:648)
at org.testng.TestRunner.run(TestRunner.java:505)
at org.testng.SuiteRunner.runTest(SuiteRunner.java:455)
at org.testng.SuiteRunner.runSequentially(SuiteRunner.java:450)
at org.testng.SuiteRunner.privateRun(SuiteRunner.java:415)
at org.testng.SuiteRunner.run(SuiteRunner.java:364)
at org.testng.SuiteRunnerWorker.runSuite(SuiteRunnerWorker.java:52)
at org.testng.SuiteRunnerWorker.run(SuiteRunnerWorker.java:84)
at org.testng.TestNG.runSuitesSequentially(TestNG.java:1208)
at org.testng.TestNG.runSuitesLocally(TestNG.java:1137)
at org.testng.TestNG.runSuites(TestNG.java:1049)
at org.testng.TestNG.run(TestNG.java:1017)
at org.apache.maven.surefire.testng.TestNGExecutor.run(TestNGExecutor.java:135)
at org.apache.maven.surefire.testng.TestNGDirectoryTestSuite.executeMulti(TestNGDirectoryTestSuite.java:193)
at org.apache.maven.surefire.testng.TestNGDirectoryTestSuite.execute(TestNGDirectoryTestSuite.java:94)
at org.apache.maven.surefire.testng.TestNGProvider.invoke(TestNGProvider.java:146)
at org.apache.maven.surefire.booter.ForkedBooter.invokeProviderInSameClassLoader(ForkedBooter.java:384)
at org.apache.maven.surefire.booter.ForkedBooter.runSuitesInProcess(ForkedBooter.java:345)
at org.apache.maven.surefire.booter.ForkedBooter.execute(ForkedBooter.java:126)
at org.apache.maven.surefire.booter.ForkedBooter.main(ForkedBooter.java:418)
]]>
            </full-stacktrace>
          </exception> <!-- java.lang.AssertionError -->
          <reporter-output>
          </reporter-output>
        </test-method> <!-- loginErrorValidation -->
        <test-method is-config="true" signature="launchApplication()[pri:0, instance:practise.tests.ErrorValidationsTest@6b2ea799]" started-at="2023-09-20T02:18:32Z" name="launchApplication" finished-at="2023-09-20T02:18:44Z" duration-ms="11215" status="PASS">
          <reporter-output>
          </reporter-output>
        </test-method> <!-- launchApplication -->
        <test-method signature="productErrorValidation()[pri:0, instance:practise.tests.ErrorValidationsTest@6b2ea799]" started-at="2023-09-20T02:18:44Z" name="productErrorValidation" finished-at="2023-09-20T02:18:58Z" duration-ms="14230" status="PASS">
          <reporter-output>
          </reporter-output>
        </test-method> <!-- productErrorValidation -->
      </class> <!-- practise.tests.ErrorValidationsTest -->
    </test> <!-- Surefire test -->
  </suite> <!-- Surefire suite -->
</testng-results>
