<?xml version="1.0" encoding="UTF-8"?>
<!-- Generated by org.testng.reporters.JUnitXMLReporter -->
<testsuite ignored="0" hostname="qa-pc58" failures="1" tests="3" name="Error Validations Test" time="78.394" errors="0" timestamp="2023-09-20T07:29:00 IST">
  <testcase classname="practise.tests.ErrorValidationsTest" name="loginErrorValidation" time="1.612">
    <skipped/>
  </testcase> <!-- loginErrorValidation -->
  <testcase classname="practise.tests.ErrorValidationsTest" name="loginErrorValidation" time="0.899">
    <failure type="java.lang.AssertionError" message="expected [Incorrect email or password.] but found [Incorrect email password.]">
      <![CDATA[java.lang.AssertionError: expected [Incorrect email or password.] but found [Incorrect email password.]
at practise.tests.ErrorValidationsTest.loginErrorValidation(ErrorValidationsTest.java:22)
at java.base/java.util.ArrayList.forEach(ArrayList.java:1511)
at java.base/java.util.concurrent.FutureTask.run(FutureTask.java:264)
at java.base/java.util.concurrent.ThreadPoolExecutor.runWorker(ThreadPoolExecutor.java:1136)
at java.base/java.util.concurrent.ThreadPoolExecutor$Worker.run(ThreadPoolExecutor.java:635)
at java.base/java.lang.Thread.run(Thread.java:833)
... Removed 23 stack frames]]>
    </failure>
  </testcase> <!-- loginErrorValidation -->
  <testcase classname="practise.tests.ErrorValidationsTest" name="productErrorValidation" time="12.515"/>
</testsuite> <!-- Error Validations Test -->
